<?xml version="1.0" encoding="UTF-8"?>
<testng-results ignored="0" total="1" passed="1" failed="0" skipped="0">
  <reporter-output>
  </reporter-output>
  <suite started-at="2026-09-22T12:26:52 CEST" name="Default suite" finished-at="2026-09-22T12:27:01 CEST" duration-ms="9713">
    <groups>
    </groups>
    <test started-at="2026-09-22T12:26:52 CEST" name="Default test" finished-at="2026-09-22T12:27:01 CEST" duration-ms="9713">
      <class name="AutoMATion.CodiceFiscale.GeneraCodiceFiscale">
        <test-method signature="generateFiscalCode()[pri:0, instance:AutoMATion.CodiceFiscale.GeneraCodiceFiscale@799f10e1]" started-at="2026-09-22T12:26:52 CEST" name="generateFiscalCode" finished-at="2026-09-22T12:27:01 CEST" duration-ms="9630" status="PASS">
          <reporter-output>
          </reporter-output>
        </test-method> <!-- generateFiscalCode -->
      </class> <!-- AutoMATion.CodiceFiscale.GeneraCodiceFiscale -->
    </test> <!-- Default test -->
  </suite> <!-- Default suite -->
</testng-results>
